[2025-12-15T20:29:14Z INFO  dantetimesync] Ensuring system NTP is disabled (timedatectl set-ntp false)...
[2025-12-15T20:29:14Z INFO  dantetimesync] NTP service disabled via timedatectl.
[2025-12-15T20:29:14Z INFO  dantetimesync] System clock control initialized.
[2025-12-15T20:29:14Z INFO  dantetimesync] Selected Interface: enp1s0 (10.77.9.21)
[2025-12-15T20:29:14Z INFO  dantetimesync::net] Kernel timestamping (SO_TIMESTAMPNS) enabled.
[2025-12-15T20:29:14Z INFO  dantetimesync::net] Kernel timestamping (SO_TIMESTAMPNS) enabled.
[2025-12-15T20:29:14Z INFO  dantetimesync] Listening on 224.0.1.129 ports 319 (Event) and 320 (General)
[2025-12-15T20:29:14Z INFO  dantetimesync::controller] NTP Offset: +263.055527ms
[2025-12-15T20:29:14Z INFO  dantetimesync::controller] Stepping clock (NTP)...
[2025-12-15T20:29:15Z INFO  dantetimesync::controller] Clock stepped successfully.
[2025-12-15T20:29:15Z INFO  dantetimesync] Starting PTP Loop...
[2025-12-15T20:29:15Z INFO  dantetimesync::controller] Initial Phase Offset 263ms is large. Stepping clock to align phase...
[2025-12-15T20:29:14Z INFO  dantetimesync::controller] Phase step complete.
[2025-12-15T20:29:15Z INFO  dantetimesync::controller] Sync established. Updating RTC...
[2025-12-15T20:29:15Z INFO  dantetimesync::controller] Updating RTC hardware clock (via ioctl)...
[2025-12-15T20:29:15Z INFO  dantetimesync::controller] RTC updated successfully.
[2025-12-15T20:29:24Z INFO  dantetimesync::controller] [Status] Speeding up (+17228.000 ppm) | Phase Offset: -20.285 µs | Factor: 1.017228000
[2025-12-15T20:29:34Z INFO  dantetimesync::controller] [Status] Slowing down (-63823.200 ppm) | Phase Offset: 78.529 µs | Factor: 0.936176800
[2025-12-15T20:29:44Z INFO  dantetimesync::controller] [Status] Speeding up (+68593.600 ppm) | Phase Offset: -84.492 µs | Factor: 1.068593600
[2025-12-15T20:29:54Z INFO  dantetimesync::controller] [Status] Slowing down (-11805.600 ppm) | Phase Offset: 13.507 µs | Factor: 0.988194400
[2025-12-15T20:30:04Z INFO  dantetimesync::controller] [Status] Slowing down (-105708.000 ppm) | Phase Offset: 130.885 µs | Factor: 0.894292000
[2025-12-15T20:30:14Z INFO  dantetimesync::controller] [Status] Slowing down (-41333.600 ppm) | Phase Offset: 50.417 µs | Factor: 0.958666400
